<?xml version="1.0" encoding="UTF-8" ?>
<testsuite tests="44" failures="0" name="GoogleTeamsTest" time="0.038" errors="0" skipped="0">
  <properties>
[...]
</properties>
  <testcase classname="GoogleTeamsTest" name="test10ReadFile" time="0.005"/>
  <testcase classname="GoogleTeamsTest" name="test11ReadFile" time="0"/>
  <testcase classname="GoogleTeamsTest" name="test12ReadFile" time="0"/>
  <testcase classname="GoogleTeamsTest" name="test13ReadFile" time="0"/>
  <testcase classname="GoogleTeamsTest" name="test14ReadFile" time="0"/>
  <testcase classname="GoogleTeamsTest" name="test15ReadFile" time="0.001"/>
  <testcase classname="GoogleTeamsTest" name="test16ReadFile" time="0.001"/>
  <testcase classname="GoogleTeamsTest" name="test17ReadFile" time="0.008"/>
  <testcase classname="GoogleTeamsTest" name="test18ReadFile" time="0.001"/>
  <testcase classname="GoogleTeamsTest" name="test19ReadFile" time="0.001"/>
  <testcase classname="GoogleTeamsTest" name="test1ReadFile" time="0.001"/>
  <testcase classname="GoogleTeamsTest" name="test1point5ReadFile" time="0.001"/>
  <testcase classname="GoogleTeamsTest" name="test20ReadFile" time="0.001"/>
  <testcase classname="GoogleTeamsTest" name="test21ReadFile" time="0"/>
  <testcase classname="GoogleTeamsTest" name="test22ReadFile" time="0.001"/>
  <testcase classname="GoogleTeamsTest" name="test23ReadFile" time="0.001"/>
  <testcase classname="GoogleTeamsTest" name="test24ReadFile" time="0.001"/>
  <testcase classname="GoogleTeamsTest" name="test25ReadFile" time="0"/>
  <testcase classname="GoogleTeamsTest" name="test26ReadFile" time="0"/>
  <testcase classname="GoogleTeamsTest" name="test27ReadFile" time="0.001"/>
  <testcase classname="GoogleTeamsTest" name="test28ReadFile" time="0.001"/>
  <testcase classname="GoogleTeamsTest" name="test29ReadFile" time="0"/>
  <testcase classname="GoogleTeamsTest" name="test2ReadFile" time="0"/>
  <testcase classname="GoogleTeamsTest" name="test30ReadFile" time="0"/>
  <testcase classname="GoogleTeamsTest" name="test31ReadFile" time="0.001"/>
  <testcase classname="GoogleTeamsTest" name="test32ReadFile" time="0"/>
  <testcase classname="GoogleTeamsTest" name="test33ReadFile" time="0.001"/>
  <testcase classname="GoogleTeamsTest" name="test34ReadFile" time="0.001"/>
  <testcase classname="GoogleTeamsTest" name="test35ReadFile" time="0.001"/>
  <testcase classname="GoogleTeamsTest" name="test36ReadFile" time="0"/>
  <testcase classname="GoogleTeamsTest" name="test37ReadFile" time="0"/>
  <testcase classname="GoogleTeamsTest" name="test38ReadFile" time="0"/>
  <testcase classname="GoogleTeamsTest" name="test39ReadFile" time="0"/>
  <testcase classname="GoogleTeamsTest" name="test3ReadFile" time="0"/>
  <testcase classname="GoogleTeamsTest" name="test40ReadFile" time="0.001"/>
  <testcase classname="GoogleTeamsTest" name="test41ReadFile" time="0.006"/>
  <testcase classname="GoogleTeamsTest" name="test4ReadFile" time="0"/>
  <testcase classname="GoogleTeamsTest" name="test5ReadFile" time="0"/>
  <testcase classname="GoogleTeamsTest" name="test6ReadFile" time="0"/>
  <testcase classname="GoogleTeamsTest" name="test7ReadFile" time="0"/>
  <testcase classname="GoogleTeamsTest" name="test8ReadFile" time="0"/>
  <testcase classname="GoogleTeamsTest" name="test9ReadFile" time="0"/>
  <testcase classname="GoogleTeamsTest" name="testCreateAdjacencyMatrix" time="0.001"/>
  <testcase classname="GoogleTeamsTest" name="testOutputAdjacencyMatrix" time="0.001"/>
</testsuite>